<?xml version="1.0" encoding="UTF-8"?>
<testng-results skipped="0" failed="12" ignored="0" total="40" passed="28">
  <reporter-output>
  </reporter-output>
  <suite name="s1" duration-ms="1673933" started-at="2020-11-23T11:39:11 CST" finished-at="2020-11-23T12:07:04 CST">
    <groups>
    </groups>
    <test name="test1" duration-ms="1673933" started-at="2020-11-23T11:39:11 CST" finished-at="2020-11-23T12:07:04 CST">
      <class name="com.webtest.demo.AdminSet">
        <test-method status="PASS" signature="doBeforeClass()[pri:0, instance:com.webtest.demo.AdminSet@482f8f11]" name="doBeforeClass" is-config="true" duration-ms="15445" started-at="2020-11-23T11:59:38 CST" finished-at="2020-11-23T11:59:54 CST">
          <reporter-output>
          </reporter-output>
        </test-method> <!-- doBeforeClass -->
        <test-method status="PASS" signature="demo1()[pri:0, instance:com.webtest.demo.AdminSet@482f8f11]" name="demo1" duration-ms="20622" started-at="2020-11-23T11:59:54 CST" finished-at="2020-11-23T12:00:15 CST">
          <reporter-output>
          </reporter-output>
        </test-method> <!-- demo1 -->
        <test-method status="PASS" signature="doAfterMethod()[pri:0, instance:com.webtest.demo.AdminSet@482f8f11]" name="doAfterMethod" is-config="true" duration-ms="1824" started-at="2020-11-23T12:00:15 CST" finished-at="2020-11-23T12:00:16 CST">
          <reporter-output>
          </reporter-output>
        </test-method> <!-- doAfterMethod -->
        <test-method status="PASS" signature="doBeforeClass()[pri:0, instance:com.webtest.demo.AdminSet@482f8f11]" name="doBeforeClass" is-config="true" duration-ms="15334" started-at="2020-11-23T12:00:16 CST" finished-at="2020-11-23T12:00:32 CST">
          <reporter-output>
          </reporter-output>
        </test-method> <!-- doBeforeClass -->
        <test-method status="PASS" signature="demo2()[pri:0, instance:com.webtest.demo.AdminSet@482f8f11]" name="demo2" duration-ms="20674" started-at="2020-11-23T12:00:32 CST" finished-at="2020-11-23T12:00:52 CST">
          <reporter-output>
          </reporter-output>
        </test-method> <!-- demo2 -->
        <test-method status="PASS" signature="doAfterMethod()[pri:0, instance:com.webtest.demo.AdminSet@482f8f11]" name="doAfterMethod" is-config="true" duration-ms="2280" started-at="2020-11-23T12:00:52 CST" finished-at="2020-11-23T12:00:55 CST">
          <reporter-output>
          </reporter-output>
        </test-method> <!-- doAfterMethod -->
        <test-method status="PASS" signature="doBeforeClass()[pri:0, instance:com.webtest.demo.AdminSet@482f8f11]" name="doBeforeClass" is-config="true" duration-ms="15306" started-at="2020-11-23T12:00:55 CST" finished-at="2020-11-23T12:01:10 CST">
          <reporter-output>
          </reporter-output>
        </test-method> <!-- doBeforeClass -->
        <test-method status="PASS" signature="demo3()[pri:0, instance:com.webtest.demo.AdminSet@482f8f11]" name="demo3" duration-ms="20737" started-at="2020-11-23T12:01:10 CST" finished-at="2020-11-23T12:01:31 CST">
          <reporter-output>
          </reporter-output>
        </test-method> <!-- demo3 -->
        <test-method status="PASS" signature="doAfterMethod()[pri:0, instance:com.webtest.demo.AdminSet@482f8f11]" name="doAfterMethod" is-config="true" duration-ms="1574" started-at="2020-11-23T12:01:31 CST" finished-at="2020-11-23T12:01:32 CST">
          <reporter-output>
          </reporter-output>
        </test-method> <!-- doAfterMethod -->
        <test-method status="PASS" signature="doBeforeClass()[pri:0, instance:com.webtest.demo.AdminSet@482f8f11]" name="doBeforeClass" is-config="true" duration-ms="15550" started-at="2020-11-23T12:01:32 CST" finished-at="2020-11-23T12:01:48 CST">
          <reporter-output>
          </reporter-output>
        </test-method> <!-- doBeforeClass -->
        <test-method status="FAIL" signature="demo4()[pri:0, instance:com.webtest.demo.AdminSet@482f8f11]" name="demo4" duration-ms="10718" started-at="2020-11-23T12:01:48 CST" finished-at="2020-11-23T12:01:59 CST">
          <exception class="java.lang.NullPointerException">
            <full-stacktrace>
              <![CDATA[java.lang.NullPointerException
at com.webtest.core.WebDriverEngine.isChecked(Unknown Source)
at com.webtest.demo.AdminSet.demo4(Unknown Source)
at sun.reflect.NativeMethodAccessorImpl.invoke0(Native Method)
at sun.reflect.NativeMethodAccessorImpl.invoke(Unknown Source)
at sun.reflect.DelegatingMethodAccessorImpl.invoke(Unknown Source)
at java.lang.reflect.Method.invoke(Unknown Source)
at org.testng.internal.MethodInvocationHelper.invokeMethod(MethodInvocationHelper.java:134)
at org.testng.internal.TestInvoker.invokeMethod(TestInvoker.java:597)
at org.testng.internal.TestInvoker.invokeTestMethod(TestInvoker.java:173)
at org.testng.internal.MethodRunner.runInSequence(MethodRunner.java:46)
at org.testng.internal.TestInvoker$MethodInvocationAgent.invoke(TestInvoker.java:816)
at org.testng.internal.TestInvoker.invokeTestMethods(TestInvoker.java:146)
at org.testng.internal.TestMethodWorker.invokeTestMethods(TestMethodWorker.java:146)
at org.testng.internal.TestMethodWorker.run(TestMethodWorker.java:128)
at java.util.ArrayList.forEach(Unknown Source)
at org.testng.TestRunner.privateRun(TestRunner.java:766)
at org.testng.TestRunner.run(TestRunner.java:587)
at org.testng.SuiteRunner.runTest(SuiteRunner.java:384)
at org.testng.SuiteRunner.runSequentially(SuiteRunner.java:378)
at org.testng.SuiteRunner.privateRun(SuiteRunner.java:337)
at org.testng.SuiteRunner.run(SuiteRunner.java:286)
at org.testng.SuiteRunnerWorker.runSuite(SuiteRunnerWorker.java:53)
at org.testng.SuiteRunnerWorker.run(SuiteRunnerWorker.java:96)
at org.testng.TestNG.runSuitesSequentially(TestNG.java:1187)
at org.testng.TestNG.runSuitesLocally(TestNG.java:1109)
at org.testng.TestNG.runSuites(TestNG.java:1039)
at org.testng.TestNG.run(TestNG.java:1007)
at org.testng.TestNG.privateMain(TestNG.java:1336)
at org.testng.TestNG.main(TestNG.java:1304)
]]>
            </full-stacktrace>
          </exception> <!-- java.lang.NullPointerException -->
          <reporter-output>
          </reporter-output>
        </test-method> <!-- demo4 -->
        <test-method status="PASS" signature="doAfterMethod()[pri:0, instance:com.webtest.demo.AdminSet@482f8f11]" name="doAfterMethod" is-config="true" duration-ms="2910" started-at="2020-11-23T12:01:59 CST" finished-at="2020-11-23T12:02:01 CST">
          <reporter-output>
          </reporter-output>
        </test-method> <!-- doAfterMethod -->
        <test-method status="PASS" signature="doBeforeClass()[pri:0, instance:com.webtest.demo.AdminSet@482f8f11]" name="doBeforeClass" is-config="true" duration-ms="15480" started-at="2020-11-23T12:02:01 CST" finished-at="2020-11-23T12:02:17 CST">
          <reporter-output>
          </reporter-output>
        </test-method> <!-- doBeforeClass -->
        <test-method status="PASS" signature="demo5()[pri:0, instance:com.webtest.demo.AdminSet@482f8f11]" name="demo5" duration-ms="17480" started-at="2020-11-23T12:02:17 CST" finished-at="2020-11-23T12:02:34 CST">
          <reporter-output>
          </reporter-output>
        </test-method> <!-- demo5 -->
        <test-method status="PASS" signature="doAfterMethod()[pri:0, instance:com.webtest.demo.AdminSet@482f8f11]" name="doAfterMethod" is-config="true" duration-ms="1573" started-at="2020-11-23T12:02:34 CST" finished-at="2020-11-23T12:02:36 CST">
          <reporter-output>
          </reporter-output>
        </test-method> <!-- doAfterMethod -->
      </class> <!-- com.webtest.demo.AdminSet -->
      <class name="com.webtest.demo.ServiceSet">
        <test-method status="PASS" signature="doBeforeClass()[pri:0, instance:com.webtest.demo.ServiceSet@1593948d]" name="doBeforeClass" is-config="true" duration-ms="15497" started-at="2020-11-23T12:02:36 CST" finished-at="2020-11-23T12:02:51 CST">
          <reporter-output>
          </reporter-output>
        </test-method> <!-- doBeforeClass -->
        <test-method status="PASS" signature="demo1()[pri:0, instance:com.webtest.demo.ServiceSet@1593948d]" name="demo1" duration-ms="20678" started-at="2020-11-23T12:02:51 CST" finished-at="2020-11-23T12:03:12 CST">
          <reporter-output>
          </reporter-output>
        </test-method> <!-- demo1 -->
        <test-method status="PASS" signature="doAfterMethod()[pri:0, instance:com.webtest.demo.ServiceSet@1593948d]" name="doAfterMethod" is-config="true" duration-ms="1511" started-at="2020-11-23T12:03:12 CST" finished-at="2020-11-23T12:03:14 CST">
          <reporter-output>
          </reporter-output>
        </test-method> <!-- doAfterMethod -->
        <test-method status="PASS" signature="doBeforeClass()[pri:0, instance:com.webtest.demo.ServiceSet@1593948d]" name="doBeforeClass" is-config="true" duration-ms="15288" started-at="2020-11-23T12:03:14 CST" finished-at="2020-11-23T12:03:29 CST">
          <reporter-output>
          </reporter-output>
        </test-method> <!-- doBeforeClass -->
        <test-method status="PASS" signature="demo2()[pri:0, instance:com.webtest.demo.ServiceSet@1593948d]" name="demo2" duration-ms="33467" started-at="2020-11-23T12:03:29 CST" finished-at="2020-11-23T12:04:02 CST">
          <reporter-output>
          </reporter-output>
        </test-method> <!-- demo2 -->
        <test-method status="PASS" signature="doAfterMethod()[pri:0, instance:com.webtest.demo.ServiceSet@1593948d]" name="doAfterMethod" is-config="true" duration-ms="1675" started-at="2020-11-23T12:04:02 CST" finished-at="2020-11-23T12:04:04 CST">
          <reporter-output>
          </reporter-output>
        </test-method> <!-- doAfterMethod -->
        <test-method status="PASS" signature="doBeforeClass()[pri:0, instance:com.webtest.demo.ServiceSet@1593948d]" name="doBeforeClass" is-config="true" duration-ms="14848" started-at="2020-11-23T12:04:04 CST" finished-at="2020-11-23T12:04:19 CST">
          <reporter-output>
          </reporter-output>
        </test-method> <!-- doBeforeClass -->
        <test-method status="PASS" signature="demo3()[pri:0, instance:com.webtest.demo.ServiceSet@1593948d]" name="demo3" duration-ms="13919" started-at="2020-11-23T12:04:19 CST" finished-at="2020-11-23T12:04:33 CST">
          <reporter-output>
          </reporter-output>
        </test-method> <!-- demo3 -->
        <test-method status="PASS" signature="doAfterMethod()[pri:0, instance:com.webtest.demo.ServiceSet@1593948d]" name="doAfterMethod" is-config="true" duration-ms="1732" started-at="2020-11-23T12:04:33 CST" finished-at="2020-11-23T12:04:35 CST">
          <reporter-output>
          </reporter-output>
        </test-method> <!-- doAfterMethod -->
        <test-method status="PASS" signature="doBeforeClass()[pri:0, instance:com.webtest.demo.ServiceSet@1593948d]" name="doBeforeClass" is-config="true" duration-ms="15282" started-at="2020-11-23T12:04:35 CST" finished-at="2020-11-23T12:04:50 CST">
          <reporter-output>
          </reporter-output>
        </test-method> <!-- doBeforeClass -->
        <test-method status="FAIL" signature="demo4()[pri:0, instance:com.webtest.demo.ServiceSet@1593948d]" name="demo4" duration-ms="12552" started-at="2020-11-23T12:04:50 CST" finished-at="2020-11-23T12:05:02 CST">
          <exception class="org.openqa.selenium.NoAlertPresentException">
            <message>
              <![CDATA[
Build info: version: '3.141.59', revision: 'e82be7d358', time: '2018-11-14T08:25:53'
System info: host: 'LAPTOP-UUTKFR9P', ip: '192.168.137.1', os.name: 'Windows 10', os.arch: 'amd64', os.version: '10.0', java.version: '1.8.0_171'
Driver info: org.openqa.selenium.firefox.FirefoxDriver
Capabilities {acceptInsecureCerts: true, browserName: firefox, browserVersion: 82.0.3, javascriptEnabled: true, moz:accessibilityChecks: false, moz:buildID: 20201108180448, moz:geckodriverVersion: 0.24.0, moz:headless: false, moz:processID: 26972, moz:profile: C:\Users\lenovo\AppData\Loc..., moz:shutdownTimeout: 60000, moz:useNonSpecCompliantPointerOrigin: false, moz:webdriverClick: true, pageLoadStrategy: normal, platform: WINDOWS, platformName: WINDOWS, platformVersion: 10.0, rotatable: false, setWindowRect: true, strictFileInteractability: false, timeouts: {implicit: 0, pageLoad: 300000, script: 30000}, unhandledPromptBehavior: dismiss and notify}
Session ID: eaff13f2-e9f9-4533-98fd-9c720e69541c]]>
            </message>
            <full-stacktrace>
              <![CDATA[org.openqa.selenium.NoAlertPresentException: 
Build info: version: '3.141.59', revision: 'e82be7d358', time: '2018-11-14T08:25:53'
System info: host: 'LAPTOP-UUTKFR9P', ip: '192.168.137.1', os.name: 'Windows 10', os.arch: 'amd64', os.version: '10.0', java.version: '1.8.0_171'
Driver info: org.openqa.selenium.firefox.FirefoxDriver
Capabilities {acceptInsecureCerts: true, browserName: firefox, browserVersion: 82.0.3, javascriptEnabled: true, moz:accessibilityChecks: false, moz:buildID: 20201108180448, moz:geckodriverVersion: 0.24.0, moz:headless: false, moz:processID: 26972, moz:profile: C:\Users\lenovo\AppData\Loc..., moz:shutdownTimeout: 60000, moz:useNonSpecCompliantPointerOrigin: false, moz:webdriverClick: true, pageLoadStrategy: normal, platform: WINDOWS, platformName: WINDOWS, platformVersion: 10.0, rotatable: false, setWindowRect: true, strictFileInteractability: false, timeouts: {implicit: 0, pageLoad: 300000, script: 30000}, unhandledPromptBehavior: dismiss and notify}
Session ID: eaff13f2-e9f9-4533-98fd-9c720e69541c
at sun.reflect.NativeConstructorAccessorImpl.newInstance0(Native Method)
at sun.reflect.NativeConstructorAccessorImpl.newInstance(Unknown Source)
at sun.reflect.DelegatingConstructorAccessorImpl.newInstance(Unknown Source)
at java.lang.reflect.Constructor.newInstance(Unknown Source)
at org.openqa.selenium.remote.http.W3CHttpResponseCodec.createException(W3CHttpResponseCodec.java:187)
at org.openqa.selenium.remote.http.W3CHttpResponseCodec.decode(W3CHttpResponseCodec.java:122)
at org.openqa.selenium.remote.http.W3CHttpResponseCodec.decode(W3CHttpResponseCodec.java:49)
at org.openqa.selenium.remote.HttpCommandExecutor.execute(HttpCommandExecutor.java:158)
at org.openqa.selenium.remote.service.DriverCommandExecutor.execute(DriverCommandExecutor.java:83)
at org.openqa.selenium.remote.RemoteWebDriver.execute(RemoteWebDriver.java:552)
at org.openqa.selenium.remote.RemoteWebDriver.execute(RemoteWebDriver.java:609)
at org.openqa.selenium.remote.RemoteWebDriver$RemoteTargetLocator.alert(RemoteWebDriver.java:932)
at com.webtest.core.WebDriverEngine.getAlert(Unknown Source)
at com.webtest.core.WebDriverEngine.alertAccept(Unknown Source)
at com.webtest.demo.ServiceSet.demo4(Unknown Source)
at sun.reflect.NativeMethodAccessorImpl.invoke0(Native Method)
at sun.reflect.NativeMethodAccessorImpl.invoke(Unknown Source)
at sun.reflect.DelegatingMethodAccessorImpl.invoke(Unknown Source)
at java.lang.reflect.Method.invoke(Unknown Source)
at org.testng.internal.MethodInvocationHelper.invokeMethod(MethodInvocationHelper.java:134)
at org.testng.internal.TestInvoker.invokeMethod(TestInvoker.java:597)
at org.testng.internal.TestInvoker.invokeTestMethod(TestInvoker.java:173)
at org.testng.internal.MethodRunner.runInSequence(MethodRunner.java:46)
at org.testng.internal.TestInvoker$MethodInvocationAgent.invoke(TestInvoker.java:816)
at org.testng.internal.TestInvoker.invokeTestMethods(TestInvoker.java:146)
at org.testng.internal.TestMethodWorker.invokeTestMethods(TestMethodWorker.java:146)
at org.testng.internal.TestMethodWorker.run(TestMethodWorker.java:128)
at java.util.ArrayList.forEach(Unknown Source)
at org.testng.TestRunner.privateRun(TestRunner.java:766)
at org.testng.TestRunner.run(TestRunner.java:587)
at org.testng.SuiteRunner.runTest(SuiteRunner.java:384)
at org.testng.SuiteRunner.runSequentially(SuiteRunner.java:378)
at org.testng.SuiteRunner.privateRun(SuiteRunner.java:337)
at org.testng.SuiteRunner.run(SuiteRunner.java:286)
at org.testng.SuiteRunnerWorker.runSuite(SuiteRunnerWorker.java:53)
at org.testng.SuiteRunnerWorker.run(SuiteRunnerWorker.java:96)
at org.testng.TestNG.runSuitesSequentially(TestNG.java:1187)
at org.testng.TestNG.runSuitesLocally(TestNG.java:1109)
at org.testng.TestNG.runSuites(TestNG.java:1039)
at org.testng.TestNG.run(TestNG.java:1007)
at org.testng.TestNG.privateMain(TestNG.java:1336)
at org.testng.TestNG.main(TestNG.java:1304)
]]>
            </full-stacktrace>
          </exception> <!-- org.openqa.selenium.NoAlertPresentException -->
          <reporter-output>
          </reporter-output>
        </test-method> <!-- demo4 -->
        <test-method status="PASS" signature="doAfterMethod()[pri:0, instance:com.webtest.demo.ServiceSet@1593948d]" name="doAfterMethod" is-config="true" duration-ms="1555" started-at="2020-11-23T12:05:02 CST" finished-at="2020-11-23T12:05:04 CST">
          <reporter-output>
          </reporter-output>
        </test-method> <!-- doAfterMethod -->
        <test-method status="PASS" signature="doBeforeClass()[pri:0, instance:com.webtest.demo.ServiceSet@1593948d]" name="doBeforeClass" is-config="true" duration-ms="14889" started-at="2020-11-23T12:05:04 CST" finished-at="2020-11-23T12:05:19 CST">
          <reporter-output>
          </reporter-output>
        </test-method> <!-- doBeforeClass -->
        <test-method status="PASS" signature="demo5()[pri:0, instance:com.webtest.demo.ServiceSet@1593948d]" name="demo5" duration-ms="25727" started-at="2020-11-23T12:05:19 CST" finished-at="2020-11-23T12:05:45 CST">
          <reporter-output>
          </reporter-output>
        </test-method> <!-- demo5 -->
        <test-method status="PASS" signature="doAfterMethod()[pri:0, instance:com.webtest.demo.ServiceSet@1593948d]" name="doAfterMethod" is-config="true" duration-ms="1712" started-at="2020-11-23T12:05:45 CST" finished-at="2020-11-23T12:05:46 CST">
          <reporter-output>
          </reporter-output>
        </test-method> <!-- doAfterMethod -->
        <test-method status="PASS" signature="doBeforeClass()[pri:0, instance:com.webtest.demo.ServiceSet@1593948d]" name="doBeforeClass" is-config="true" duration-ms="15123" started-at="2020-11-23T12:05:46 CST" finished-at="2020-11-23T12:06:01 CST">
          <reporter-output>
          </reporter-output>
        </test-method> <!-- doBeforeClass -->
        <test-method status="PASS" signature="demo6()[pri:0, instance:com.webtest.demo.ServiceSet@1593948d]" name="demo6" duration-ms="17805" started-at="2020-11-23T12:06:01 CST" finished-at="2020-11-23T12:06:19 CST">
          <reporter-output>
          </reporter-output>
        </test-method> <!-- demo6 -->
        <test-method status="PASS" signature="doAfterMethod()[pri:0, instance:com.webtest.demo.ServiceSet@1593948d]" name="doAfterMethod" is-config="true" duration-ms="1564" started-at="2020-11-23T12:06:19 CST" finished-at="2020-11-23T12:06:21 CST">
          <reporter-output>
          </reporter-output>
        </test-method> <!-- doAfterMethod -->
        <test-method status="PASS" signature="doBeforeClass()[pri:0, instance:com.webtest.demo.ServiceSet@1593948d]" name="doBeforeClass" is-config="true" duration-ms="17990" started-at="2020-11-23T12:06:21 CST" finished-at="2020-11-23T12:06:39 CST">
          <reporter-output>
          </reporter-output>
        </test-method> <!-- doBeforeClass -->
        <test-method status="PASS" signature="demo7()[pri:0, instance:com.webtest.demo.ServiceSet@1593948d]" name="demo7" duration-ms="23999" started-at="2020-11-23T12:06:39 CST" finished-at="2020-11-23T12:07:03 CST">
          <reporter-output>
          </reporter-output>
        </test-method> <!-- demo7 -->
        <test-method status="PASS" signature="doAfterMethod()[pri:0, instance:com.webtest.demo.ServiceSet@1593948d]" name="doAfterMethod" is-config="true" duration-ms="1699" started-at="2020-11-23T12:07:03 CST" finished-at="2020-11-23T12:07:04 CST">
          <reporter-output>
          </reporter-output>
        </test-method> <!-- doAfterMethod -->
      </class> <!-- com.webtest.demo.ServiceSet -->
      <class name="com.webtest.demo.BaseInformation">
        <test-method status="PASS" signature="doBeforeClass()[pri:0, instance:com.webtest.demo.BaseInformation@2a2d45ba]" name="doBeforeClass" is-config="true" duration-ms="32536" started-at="2020-11-23T11:39:11 CST" finished-at="2020-11-23T11:39:43 CST">
          <reporter-output>
          </reporter-output>
        </test-method> <!-- doBeforeClass -->
        <test-method status="PASS" signature="demo1()[pri:0, instance:com.webtest.demo.BaseInformation@2a2d45ba]" name="demo1" duration-ms="13317" started-at="2020-11-23T11:39:43 CST" finished-at="2020-11-23T11:39:56 CST">
          <reporter-output>
          </reporter-output>
        </test-method> <!-- demo1 -->
        <test-method status="PASS" signature="doAfterMethod()[pri:0, instance:com.webtest.demo.BaseInformation@2a2d45ba]" name="doAfterMethod" is-config="true" duration-ms="1636" started-at="2020-11-23T11:39:56 CST" finished-at="2020-11-23T11:39:58 CST">
          <reporter-output>
          </reporter-output>
        </test-method> <!-- doAfterMethod -->
        <test-method status="PASS" signature="doBeforeClass()[pri:0, instance:com.webtest.demo.BaseInformation@2a2d45ba]" name="doBeforeClass" is-config="true" duration-ms="15513" started-at="2020-11-23T11:39:58 CST" finished-at="2020-11-23T11:40:14 CST">
          <reporter-output>
          </reporter-output>
        </test-method> <!-- doBeforeClass -->
        <test-method status="FAIL" signature="demo10()[pri:0, instance:com.webtest.demo.BaseInformation@2a2d45ba]" name="demo10" duration-ms="45086" started-at="2020-11-23T11:40:14 CST" finished-at="2020-11-23T11:40:59 CST">
          <exception class="java.lang.AssertionError">
            <message>
              <![CDATA[expected [true] but found [false]]]>
            </message>
            <full-stacktrace>
              <![CDATA[java.lang.AssertionError: expected [true] but found [false]
at org.testng.Assert.fail(Assert.java:97)
at org.testng.Assert.failNotEquals(Assert.java:969)
at org.testng.Assert.assertTrue(Assert.java:43)
at org.testng.Assert.assertTrue(Assert.java:53)
at com.webtest.demo.BaseInformation.demo10(Unknown Source)
at sun.reflect.NativeMethodAccessorImpl.invoke0(Native Method)
at sun.reflect.NativeMethodAccessorImpl.invoke(Unknown Source)
at sun.reflect.DelegatingMethodAccessorImpl.invoke(Unknown Source)
at java.lang.reflect.Method.invoke(Unknown Source)
at org.testng.internal.MethodInvocationHelper.invokeMethod(MethodInvocationHelper.java:134)
at org.testng.internal.TestInvoker.invokeMethod(TestInvoker.java:597)
at org.testng.internal.TestInvoker.invokeTestMethod(TestInvoker.java:173)
at org.testng.internal.MethodRunner.runInSequence(MethodRunner.java:46)
at org.testng.internal.TestInvoker$MethodInvocationAgent.invoke(TestInvoker.java:816)
at org.testng.internal.TestInvoker.invokeTestMethods(TestInvoker.java:146)
at org.testng.internal.TestMethodWorker.invokeTestMethods(TestMethodWorker.java:146)
at org.testng.internal.TestMethodWorker.run(TestMethodWorker.java:128)
at java.util.ArrayList.forEach(Unknown Source)
at org.testng.TestRunner.privateRun(TestRunner.java:766)
at org.testng.TestRunner.run(TestRunner.java:587)
at org.testng.SuiteRunner.runTest(SuiteRunner.java:384)
at org.testng.SuiteRunner.runSequentially(SuiteRunner.java:378)
at org.testng.SuiteRunner.privateRun(SuiteRunner.java:337)
at org.testng.SuiteRunner.run(SuiteRunner.java:286)
at org.testng.SuiteRunnerWorker.runSuite(SuiteRunnerWorker.java:53)
at org.testng.SuiteRunnerWorker.run(SuiteRunnerWorker.java:96)
at org.testng.TestNG.runSuitesSequentially(TestNG.java:1187)
at org.testng.TestNG.runSuitesLocally(TestNG.java:1109)
at org.testng.TestNG.runSuites(TestNG.java:1039)
at org.testng.TestNG.run(TestNG.java:1007)
at org.testng.TestNG.privateMain(TestNG.java:1336)
at org.testng.TestNG.main(TestNG.java:1304)
]]>
            </full-stacktrace>
          </exception> <!-- java.lang.AssertionError -->
          <reporter-output>
          </reporter-output>
        </test-method> <!-- demo10 -->
        <test-method status="PASS" signature="doAfterMethod()[pri:0, instance:com.webtest.demo.BaseInformation@2a2d45ba]" name="doAfterMethod" is-config="true" duration-ms="1857" started-at="2020-11-23T11:40:59 CST" finished-at="2020-11-23T11:41:01 CST">
          <reporter-output>
          </reporter-output>
        </test-method> <!-- doAfterMethod -->
        <test-method status="PASS" signature="doBeforeClass()[pri:0, instance:com.webtest.demo.BaseInformation@2a2d45ba]" name="doBeforeClass" is-config="true" duration-ms="15444" started-at="2020-11-23T11:41:01 CST" finished-at="2020-11-23T11:41:16 CST">
          <reporter-output>
          </reporter-output>
        </test-method> <!-- doBeforeClass -->
        <test-method status="FAIL" signature="demo11()[pri:0, instance:com.webtest.demo.BaseInformation@2a2d45ba]" name="demo11" duration-ms="5275" started-at="2020-11-23T11:41:16 CST" finished-at="2020-11-23T11:41:21 CST">
          <exception class="org.openqa.selenium.ElementNotInteractableException">
            <message>
              <![CDATA[Element <a href="/admin/system"> could not be scrolled into view
Build info: version: '3.141.59', revision: 'e82be7d358', time: '2018-11-14T08:25:53'
System info: host: 'LAPTOP-UUTKFR9P', ip: '192.168.137.1', os.name: 'Windows 10', os.arch: 'amd64', os.version: '10.0', java.version: '1.8.0_171'
Driver info: org.openqa.selenium.firefox.FirefoxDriver
Capabilities {acceptInsecureCerts: true, browserName: firefox, browserVersion: 82.0.3, javascriptEnabled: true, moz:accessibilityChecks: false, moz:buildID: 20201108180448, moz:geckodriverVersion: 0.24.0, moz:headless: false, moz:processID: 23192, moz:profile: C:\Users\lenovo\AppData\Loc..., moz:shutdownTimeout: 60000, moz:useNonSpecCompliantPointerOrigin: false, moz:webdriverClick: true, pageLoadStrategy: normal, platform: WINDOWS, platformName: WINDOWS, platformVersion: 10.0, rotatable: false, setWindowRect: true, strictFileInteractability: false, timeouts: {implicit: 0, pageLoad: 300000, script: 30000}, unhandledPromptBehavior: dismiss and notify}
Session ID: 92edeedb-bf52-45c6-815f-62614805394c]]>
            </message>
            <full-stacktrace>
              <![CDATA[org.openqa.selenium.ElementNotInteractableException: Element <a href="/admin/system"> could not be scrolled into view
Build info: version: '3.141.59', revision: 'e82be7d358', time: '2018-11-14T08:25:53'
System info: host: 'LAPTOP-UUTKFR9P', ip: '192.168.137.1', os.name: 'Windows 10', os.arch: 'amd64', os.version: '10.0', java.version: '1.8.0_171'
Driver info: org.openqa.selenium.firefox.FirefoxDriver
Capabilities {acceptInsecureCerts: true, browserName: firefox, browserVersion: 82.0.3, javascriptEnabled: true, moz:accessibilityChecks: false, moz:buildID: 20201108180448, moz:geckodriverVersion: 0.24.0, moz:headless: false, moz:processID: 23192, moz:profile: C:\Users\lenovo\AppData\Loc..., moz:shutdownTimeout: 60000, moz:useNonSpecCompliantPointerOrigin: false, moz:webdriverClick: true, pageLoadStrategy: normal, platform: WINDOWS, platformName: WINDOWS, platformVersion: 10.0, rotatable: false, setWindowRect: true, strictFileInteractability: false, timeouts: {implicit: 0, pageLoad: 300000, script: 30000}, unhandledPromptBehavior: dismiss and notify}
Session ID: 92edeedb-bf52-45c6-815f-62614805394c
at sun.reflect.NativeConstructorAccessorImpl.newInstance0(Native Method)
at sun.reflect.NativeConstructorAccessorImpl.newInstance(Unknown Source)
at sun.reflect.DelegatingConstructorAccessorImpl.newInstance(Unknown Source)
at java.lang.reflect.Constructor.newInstance(Unknown Source)
at org.openqa.selenium.remote.http.W3CHttpResponseCodec.createException(W3CHttpResponseCodec.java:187)
at org.openqa.selenium.remote.http.W3CHttpResponseCodec.decode(W3CHttpResponseCodec.java:122)
at org.openqa.selenium.remote.http.W3CHttpResponseCodec.decode(W3CHttpResponseCodec.java:49)
at org.openqa.selenium.remote.HttpCommandExecutor.execute(HttpCommandExecutor.java:158)
at org.openqa.selenium.remote.service.DriverCommandExecutor.execute(DriverCommandExecutor.java:83)
at org.openqa.selenium.remote.RemoteWebDriver.execute(RemoteWebDriver.java:552)
at org.openqa.selenium.remote.RemoteWebElement.execute(RemoteWebElement.java:285)
at org.openqa.selenium.remote.RemoteWebElement.click(RemoteWebElement.java:84)
at com.webtest.core.WebDriverEngine.click(Unknown Source)
at com.webtest.demo.BaseInformation.first(Unknown Source)
at com.webtest.demo.BaseInformation.demo11(Unknown Source)
at sun.reflect.NativeMethodAccessorImpl.invoke0(Native Method)
at sun.reflect.NativeMethodAccessorImpl.invoke(Unknown Source)
at sun.reflect.DelegatingMethodAccessorImpl.invoke(Unknown Source)
at java.lang.reflect.Method.invoke(Unknown Source)
at org.testng.internal.MethodInvocationHelper.invokeMethod(MethodInvocationHelper.java:134)
at org.testng.internal.TestInvoker.invokeMethod(TestInvoker.java:597)
at org.testng.internal.TestInvoker.invokeTestMethod(TestInvoker.java:173)
at org.testng.internal.MethodRunner.runInSequence(MethodRunner.java:46)
at org.testng.internal.TestInvoker$MethodInvocationAgent.invoke(TestInvoker.java:816)
at org.testng.internal.TestInvoker.invokeTestMethods(TestInvoker.java:146)
at org.testng.internal.TestMethodWorker.invokeTestMethods(TestMethodWorker.java:146)
at org.testng.internal.TestMethodWorker.run(TestMethodWorker.java:128)
at java.util.ArrayList.forEach(Unknown Source)
at org.testng.TestRunner.privateRun(TestRunner.java:766)
at org.testng.TestRunner.run(TestRunner.java:587)
at org.testng.SuiteRunner.runTest(SuiteRunner.java:384)
at org.testng.SuiteRunner.runSequentially(SuiteRunner.java:378)
at org.testng.SuiteRunner.privateRun(SuiteRunner.java:337)
at org.testng.SuiteRunner.run(SuiteRunner.java:286)
at org.testng.SuiteRunnerWorker.runSuite(SuiteRunnerWorker.java:53)
at org.testng.SuiteRunnerWorker.run(SuiteRunnerWorker.java:96)
at org.testng.TestNG.runSuitesSequentially(TestNG.java:1187)
at org.testng.TestNG.runSuitesLocally(TestNG.java:1109)
at org.testng.TestNG.runSuites(TestNG.java:1039)
at org.testng.TestNG.run(TestNG.java:1007)
at org.testng.TestNG.privateMain(TestNG.java:1336)
at org.testng.TestNG.main(TestNG.java:1304)
]]>
            </full-stacktrace>
          </exception> <!-- org.openqa.selenium.ElementNotInteractableException -->
          <reporter-output>
          </reporter-output>
        </test-method> <!-- demo11 -->
        <test-method status="PASS" signature="doAfterMethod()[pri:0, instance:com.webtest.demo.BaseInformation@2a2d45ba]" name="doAfterMethod" is-config="true" duration-ms="1718" started-at="2020-11-23T11:41:21 CST" finished-at="2020-11-23T11:41:23 CST">
          <reporter-output>
          </reporter-output>
        </test-method> <!-- doAfterMethod -->
        <test-method status="PASS" signature="doBeforeClass()[pri:0, instance:com.webtest.demo.BaseInformation@2a2d45ba]" name="doBeforeClass" is-config="true" duration-ms="15476" started-at="2020-11-23T11:41:23 CST" finished-at="2020-11-23T11:41:38 CST">
          <reporter-output>
          </reporter-output>
        </test-method> <!-- doBeforeClass -->
        <test-method status="PASS" signature="demo2()[pri:0, instance:com.webtest.demo.BaseInformation@2a2d45ba]" name="demo2" duration-ms="12339" started-at="2020-11-23T11:41:38 CST" finished-at="2020-11-23T11:41:51 CST">
          <reporter-output>
          </reporter-output>
        </test-method> <!-- demo2 -->
        <test-method status="PASS" signature="doAfterMethod()[pri:0, instance:com.webtest.demo.BaseInformation@2a2d45ba]" name="doAfterMethod" is-config="true" duration-ms="1763" started-at="2020-11-23T11:41:51 CST" finished-at="2020-11-23T11:41:53 CST">
          <reporter-output>
          </reporter-output>
        </test-method> <!-- doAfterMethod -->
        <test-method status="PASS" signature="doBeforeClass()[pri:0, instance:com.webtest.demo.BaseInformation@2a2d45ba]" name="doBeforeClass" is-config="true" duration-ms="15526" started-at="2020-11-23T11:41:53 CST" finished-at="2020-11-23T11:42:08 CST">
          <reporter-output>
          </reporter-output>
        </test-method> <!-- doBeforeClass -->
        <test-method status="PASS" signature="demo3()[pri:0, instance:com.webtest.demo.BaseInformation@2a2d45ba]" name="demo3" duration-ms="12120" started-at="2020-11-23T11:42:08 CST" finished-at="2020-11-23T11:42:20 CST">
          <reporter-output>
          </reporter-output>
        </test-method> <!-- demo3 -->
        <test-method status="PASS" signature="doAfterMethod()[pri:0, instance:com.webtest.demo.BaseInformation@2a2d45ba]" name="doAfterMethod" is-config="true" duration-ms="1963" started-at="2020-11-23T11:42:20 CST" finished-at="2020-11-23T11:42:22 CST">
          <reporter-output>
          </reporter-output>
        </test-method> <!-- doAfterMethod -->
        <test-method status="PASS" signature="doBeforeClass()[pri:0, instance:com.webtest.demo.BaseInformation@2a2d45ba]" name="doBeforeClass" is-config="true" duration-ms="15947" started-at="2020-11-23T11:42:22 CST" finished-at="2020-11-23T11:42:38 CST">
          <reporter-output>
          </reporter-output>
        </test-method> <!-- doBeforeClass -->
        <test-method status="PASS" signature="demo4()[pri:0, instance:com.webtest.demo.BaseInformation@2a2d45ba]" name="demo4" duration-ms="44175" started-at="2020-11-23T11:42:38 CST" finished-at="2020-11-23T11:43:22 CST">
          <reporter-output>
          </reporter-output>
        </test-method> <!-- demo4 -->
        <test-method status="PASS" signature="doAfterMethod()[pri:0, instance:com.webtest.demo.BaseInformation@2a2d45ba]" name="doAfterMethod" is-config="true" duration-ms="1560" started-at="2020-11-23T11:43:22 CST" finished-at="2020-11-23T11:43:24 CST">
          <reporter-output>
          </reporter-output>
        </test-method> <!-- doAfterMethod -->
        <test-method status="PASS" signature="doBeforeClass()[pri:0, instance:com.webtest.demo.BaseInformation@2a2d45ba]" name="doBeforeClass" is-config="true" duration-ms="14970" started-at="2020-11-23T11:43:24 CST" finished-at="2020-11-23T11:43:39 CST">
          <reporter-output>
          </reporter-output>
        </test-method> <!-- doBeforeClass -->
        <test-method status="FAIL" signature="demo5()[pri:0, instance:com.webtest.demo.BaseInformation@2a2d45ba]" name="demo5" duration-ms="5251" started-at="2020-11-23T11:43:39 CST" finished-at="2020-11-23T11:43:44 CST">
          <exception class="org.openqa.selenium.ElementNotInteractableException">
            <message>
              <![CDATA[Element <a href="/admin/system"> could not be scrolled into view
Build info: version: '3.141.59', revision: 'e82be7d358', time: '2018-11-14T08:25:53'
System info: host: 'LAPTOP-UUTKFR9P', ip: '192.168.137.1', os.name: 'Windows 10', os.arch: 'amd64', os.version: '10.0', java.version: '1.8.0_171'
Driver info: org.openqa.selenium.firefox.FirefoxDriver
Capabilities {acceptInsecureCerts: true, browserName: firefox, browserVersion: 82.0.3, javascriptEnabled: true, moz:accessibilityChecks: false, moz:buildID: 20201108180448, moz:geckodriverVersion: 0.24.0, moz:headless: false, moz:processID: 27252, moz:profile: C:\Users\lenovo\AppData\Loc..., moz:shutdownTimeout: 60000, moz:useNonSpecCompliantPointerOrigin: false, moz:webdriverClick: true, pageLoadStrategy: normal, platform: WINDOWS, platformName: WINDOWS, platformVersion: 10.0, rotatable: false, setWindowRect: true, strictFileInteractability: false, timeouts: {implicit: 0, pageLoad: 300000, script: 30000}, unhandledPromptBehavior: dismiss and notify}
Session ID: 2872632a-e02a-4616-a5cd-aa381a163a25]]>
            </message>
            <full-stacktrace>
              <![CDATA[org.openqa.selenium.ElementNotInteractableException: Element <a href="/admin/system"> could not be scrolled into view
Build info: version: '3.141.59', revision: 'e82be7d358', time: '2018-11-14T08:25:53'
System info: host: 'LAPTOP-UUTKFR9P', ip: '192.168.137.1', os.name: 'Windows 10', os.arch: 'amd64', os.version: '10.0', java.version: '1.8.0_171'
Driver info: org.openqa.selenium.firefox.FirefoxDriver
Capabilities {acceptInsecureCerts: true, browserName: firefox, browserVersion: 82.0.3, javascriptEnabled: true, moz:accessibilityChecks: false, moz:buildID: 20201108180448, moz:geckodriverVersion: 0.24.0, moz:headless: false, moz:processID: 27252, moz:profile: C:\Users\lenovo\AppData\Loc..., moz:shutdownTimeout: 60000, moz:useNonSpecCompliantPointerOrigin: false, moz:webdriverClick: true, pageLoadStrategy: normal, platform: WINDOWS, platformName: WINDOWS, platformVersion: 10.0, rotatable: false, setWindowRect: true, strictFileInteractability: false, timeouts: {implicit: 0, pageLoad: 300000, script: 30000}, unhandledPromptBehavior: dismiss and notify}
Session ID: 2872632a-e02a-4616-a5cd-aa381a163a25
at sun.reflect.NativeConstructorAccessorImpl.newInstance0(Native Method)
at sun.reflect.NativeConstructorAccessorImpl.newInstance(Unknown Source)
at sun.reflect.DelegatingConstructorAccessorImpl.newInstance(Unknown Source)
at java.lang.reflect.Constructor.newInstance(Unknown Source)
at org.openqa.selenium.remote.http.W3CHttpResponseCodec.createException(W3CHttpResponseCodec.java:187)
at org.openqa.selenium.remote.http.W3CHttpResponseCodec.decode(W3CHttpResponseCodec.java:122)
at org.openqa.selenium.remote.http.W3CHttpResponseCodec.decode(W3CHttpResponseCodec.java:49)
at org.openqa.selenium.remote.HttpCommandExecutor.execute(HttpCommandExecutor.java:158)
at org.openqa.selenium.remote.service.DriverCommandExecutor.execute(DriverCommandExecutor.java:83)
at org.openqa.selenium.remote.RemoteWebDriver.execute(RemoteWebDriver.java:552)
at org.openqa.selenium.remote.RemoteWebElement.execute(RemoteWebElement.java:285)
at org.openqa.selenium.remote.RemoteWebElement.click(RemoteWebElement.java:84)
at com.webtest.core.WebDriverEngine.click(Unknown Source)
at com.webtest.demo.BaseInformation.first(Unknown Source)
at com.webtest.demo.BaseInformation.demo5(Unknown Source)
at sun.reflect.NativeMethodAccessorImpl.invoke0(Native Method)
at sun.reflect.NativeMethodAccessorImpl.invoke(Unknown Source)
at sun.reflect.DelegatingMethodAccessorImpl.invoke(Unknown Source)
at java.lang.reflect.Method.invoke(Unknown Source)
at org.testng.internal.MethodInvocationHelper.invokeMethod(MethodInvocationHelper.java:134)
at org.testng.internal.TestInvoker.invokeMethod(TestInvoker.java:597)
at org.testng.internal.TestInvoker.invokeTestMethod(TestInvoker.java:173)
at org.testng.internal.MethodRunner.runInSequence(MethodRunner.java:46)
at org.testng.internal.TestInvoker$MethodInvocationAgent.invoke(TestInvoker.java:816)
at org.testng.internal.TestInvoker.invokeTestMethods(TestInvoker.java:146)
at org.testng.internal.TestMethodWorker.invokeTestMethods(TestMethodWorker.java:146)
at org.testng.internal.TestMethodWorker.run(TestMethodWorker.java:128)
at java.util.ArrayList.forEach(Unknown Source)
at org.testng.TestRunner.privateRun(TestRunner.java:766)
at org.testng.TestRunner.run(TestRunner.java:587)
at org.testng.SuiteRunner.runTest(SuiteRunner.java:384)
at org.testng.SuiteRunner.runSequentially(SuiteRunner.java:378)
at org.testng.SuiteRunner.privateRun(SuiteRunner.java:337)
at org.testng.SuiteRunner.run(SuiteRunner.java:286)
at org.testng.SuiteRunnerWorker.runSuite(SuiteRunnerWorker.java:53)
at org.testng.SuiteRunnerWorker.run(SuiteRunnerWorker.java:96)
at org.testng.TestNG.runSuitesSequentially(TestNG.java:1187)
at org.testng.TestNG.runSuitesLocally(TestNG.java:1109)
at org.testng.TestNG.runSuites(TestNG.java:1039)
at org.testng.TestNG.run(TestNG.java:1007)
at org.testng.TestNG.privateMain(TestNG.java:1336)
at org.testng.TestNG.main(TestNG.java:1304)
]]>
            </full-stacktrace>
          </exception> <!-- org.openqa.selenium.ElementNotInteractableException -->
          <reporter-output>
          </reporter-output>
        </test-method> <!-- demo5 -->
        <test-method status="PASS" signature="doAfterMethod()[pri:0, instance:com.webtest.demo.BaseInformation@2a2d45ba]" name="doAfterMethod" is-config="true" duration-ms="1560" started-at="2020-11-23T11:43:44 CST" finished-at="2020-11-23T11:43:46 CST">
          <reporter-output>
          </reporter-output>
        </test-method> <!-- doAfterMethod -->
        <test-method status="PASS" signature="doBeforeClass()[pri:0, instance:com.webtest.demo.BaseInformation@2a2d45ba]" name="doBeforeClass" is-config="true" duration-ms="15542" started-at="2020-11-23T11:43:46 CST" finished-at="2020-11-23T11:44:01 CST">
          <reporter-output>
          </reporter-output>
        </test-method> <!-- doBeforeClass -->
        <test-method status="PASS" signature="demo6()[pri:0, instance:com.webtest.demo.BaseInformation@2a2d45ba]" name="demo6" duration-ms="18641" started-at="2020-11-23T11:44:01 CST" finished-at="2020-11-23T11:44:20 CST">
          <reporter-output>
          </reporter-output>
        </test-method> <!-- demo6 -->
        <test-method status="PASS" signature="doAfterMethod()[pri:0, instance:com.webtest.demo.BaseInformation@2a2d45ba]" name="doAfterMethod" is-config="true" duration-ms="1645" started-at="2020-11-23T11:44:20 CST" finished-at="2020-11-23T11:44:21 CST">
          <reporter-output>
          </reporter-output>
        </test-method> <!-- doAfterMethod -->
        <test-method status="PASS" signature="doBeforeClass()[pri:0, instance:com.webtest.demo.BaseInformation@2a2d45ba]" name="doBeforeClass" is-config="true" duration-ms="14811" started-at="2020-11-23T11:44:21 CST" finished-at="2020-11-23T11:44:36 CST">
          <reporter-output>
          </reporter-output>
        </test-method> <!-- doBeforeClass -->
        <test-method status="FAIL" signature="demo7()[pri:0, instance:com.webtest.demo.BaseInformation@2a2d45ba]" name="demo7" duration-ms="19024" started-at="2020-11-23T11:44:36 CST" finished-at="2020-11-23T11:44:55 CST">
          <exception class="java.lang.AssertionError">
            <message>
              <![CDATA[expected [true] but found [false]]]>
            </message>
            <full-stacktrace>
              <![CDATA[java.lang.AssertionError: expected [true] but found [false]
at org.testng.Assert.fail(Assert.java:97)
at org.testng.Assert.failNotEquals(Assert.java:969)
at org.testng.Assert.assertTrue(Assert.java:43)
at org.testng.Assert.assertTrue(Assert.java:53)
at com.webtest.demo.BaseInformation.demo7(Unknown Source)
at sun.reflect.NativeMethodAccessorImpl.invoke0(Native Method)
at sun.reflect.NativeMethodAccessorImpl.invoke(Unknown Source)
at sun.reflect.DelegatingMethodAccessorImpl.invoke(Unknown Source)
at java.lang.reflect.Method.invoke(Unknown Source)
at org.testng.internal.MethodInvocationHelper.invokeMethod(MethodInvocationHelper.java:134)
at org.testng.internal.TestInvoker.invokeMethod(TestInvoker.java:597)
at org.testng.internal.TestInvoker.invokeTestMethod(TestInvoker.java:173)
at org.testng.internal.MethodRunner.runInSequence(MethodRunner.java:46)
at org.testng.internal.TestInvoker$MethodInvocationAgent.invoke(TestInvoker.java:816)
at org.testng.internal.TestInvoker.invokeTestMethods(TestInvoker.java:146)
at org.testng.internal.TestMethodWorker.invokeTestMethods(TestMethodWorker.java:146)
at org.testng.internal.TestMethodWorker.run(TestMethodWorker.java:128)
at java.util.ArrayList.forEach(Unknown Source)
at org.testng.TestRunner.privateRun(TestRunner.java:766)
at org.testng.TestRunner.run(TestRunner.java:587)
at org.testng.SuiteRunner.runTest(SuiteRunner.java:384)
at org.testng.SuiteRunner.runSequentially(SuiteRunner.java:378)
at org.testng.SuiteRunner.privateRun(SuiteRunner.java:337)
at org.testng.SuiteRunner.run(SuiteRunner.java:286)
at org.testng.SuiteRunnerWorker.runSuite(SuiteRunnerWorker.java:53)
at org.testng.SuiteRunnerWorker.run(SuiteRunnerWorker.java:96)
at org.testng.TestNG.runSuitesSequentially(TestNG.java:1187)
at org.testng.TestNG.runSuitesLocally(TestNG.java:1109)
at org.testng.TestNG.runSuites(TestNG.java:1039)
at org.testng.TestNG.run(TestNG.java:1007)
at org.testng.TestNG.privateMain(TestNG.java:1336)
at org.testng.TestNG.main(TestNG.java:1304)
]]>
            </full-stacktrace>
          </exception> <!-- java.lang.AssertionError -->
          <reporter-output>
          </reporter-output>
        </test-method> <!-- demo7 -->
        <test-method status="PASS" signature="doAfterMethod()[pri:0, instance:com.webtest.demo.BaseInformation@2a2d45ba]" name="doAfterMethod" is-config="true" duration-ms="1881" started-at="2020-11-23T11:44:55 CST" finished-at="2020-11-23T11:44:57 CST">
          <reporter-output>
          </reporter-output>
        </test-method> <!-- doAfterMethod -->
        <test-method status="PASS" signature="doBeforeClass()[pri:0, instance:com.webtest.demo.BaseInformation@2a2d45ba]" name="doBeforeClass" is-config="true" duration-ms="15287" started-at="2020-11-23T11:44:57 CST" finished-at="2020-11-23T11:45:12 CST">
          <reporter-output>
          </reporter-output>
        </test-method> <!-- doBeforeClass -->
        <test-method status="PASS" signature="demo8()[pri:0, instance:com.webtest.demo.BaseInformation@2a2d45ba]" name="demo8" duration-ms="32808" started-at="2020-11-23T11:45:12 CST" finished-at="2020-11-23T11:45:45 CST">
          <reporter-output>
          </reporter-output>
        </test-method> <!-- demo8 -->
        <test-method status="PASS" signature="doAfterMethod()[pri:0, instance:com.webtest.demo.BaseInformation@2a2d45ba]" name="doAfterMethod" is-config="true" duration-ms="1887" started-at="2020-11-23T11:45:45 CST" finished-at="2020-11-23T11:45:47 CST">
          <reporter-output>
          </reporter-output>
        </test-method> <!-- doAfterMethod -->
        <test-method status="PASS" signature="doBeforeClass()[pri:0, instance:com.webtest.demo.BaseInformation@2a2d45ba]" name="doBeforeClass" is-config="true" duration-ms="15651" started-at="2020-11-23T11:45:47 CST" finished-at="2020-11-23T11:46:03 CST">
          <reporter-output>
          </reporter-output>
        </test-method> <!-- doBeforeClass -->
        <test-method status="FAIL" signature="demo9()[pri:0, instance:com.webtest.demo.BaseInformation@2a2d45ba]" name="demo9" duration-ms="34491" started-at="2020-11-23T11:46:03 CST" finished-at="2020-11-23T11:46:37 CST">
          <exception class="java.lang.AssertionError">
            <message>
              <![CDATA[expected [true] but found [false]]]>
            </message>
            <full-stacktrace>
              <![CDATA[java.lang.AssertionError: expected [true] but found [false]
at org.testng.Assert.fail(Assert.java:97)
at org.testng.Assert.failNotEquals(Assert.java:969)
at org.testng.Assert.assertTrue(Assert.java:43)
at org.testng.Assert.assertTrue(Assert.java:53)
at com.webtest.demo.BaseInformation.demo9(Unknown Source)
at sun.reflect.NativeMethodAccessorImpl.invoke0(Native Method)
at sun.reflect.NativeMethodAccessorImpl.invoke(Unknown Source)
at sun.reflect.DelegatingMethodAccessorImpl.invoke(Unknown Source)
at java.lang.reflect.Method.invoke(Unknown Source)
at org.testng.internal.MethodInvocationHelper.invokeMethod(MethodInvocationHelper.java:134)
at org.testng.internal.TestInvoker.invokeMethod(TestInvoker.java:597)
at org.testng.internal.TestInvoker.invokeTestMethod(TestInvoker.java:173)
at org.testng.internal.MethodRunner.runInSequence(MethodRunner.java:46)
at org.testng.internal.TestInvoker$MethodInvocationAgent.invoke(TestInvoker.java:816)
at org.testng.internal.TestInvoker.invokeTestMethods(TestInvoker.java:146)
at org.testng.internal.TestMethodWorker.invokeTestMethods(TestMethodWorker.java:146)
at org.testng.internal.TestMethodWorker.run(TestMethodWorker.java:128)
at java.util.ArrayList.forEach(Unknown Source)
at org.testng.TestRunner.privateRun(TestRunner.java:766)
at org.testng.TestRunner.run(TestRunner.java:587)
at org.testng.SuiteRunner.runTest(SuiteRunner.java:384)
at org.testng.SuiteRunner.runSequentially(SuiteRunner.java:378)
at org.testng.SuiteRunner.privateRun(SuiteRunner.java:337)
at org.testng.SuiteRunner.run(SuiteRunner.java:286)
at org.testng.SuiteRunnerWorker.runSuite(SuiteRunnerWorker.java:53)
at org.testng.SuiteRunnerWorker.run(SuiteRunnerWorker.java:96)
at org.testng.TestNG.runSuitesSequentially(TestNG.java:1187)
at org.testng.TestNG.runSuitesLocally(TestNG.java:1109)
at org.testng.TestNG.runSuites(TestNG.java:1039)
at org.testng.TestNG.run(TestNG.java:1007)
at org.testng.TestNG.privateMain(TestNG.java:1336)
at org.testng.TestNG.main(TestNG.java:1304)
]]>
            </full-stacktrace>
          </exception> <!-- java.lang.AssertionError -->
          <reporter-output>
          </reporter-output>
        </test-method> <!-- demo9 -->
        <test-method status="PASS" signature="doAfterMethod()[pri:0, instance:com.webtest.demo.BaseInformation@2a2d45ba]" name="doAfterMethod" is-config="true" duration-ms="1867" started-at="2020-11-23T11:46:37 CST" finished-at="2020-11-23T11:46:39 CST">
          <reporter-output>
          </reporter-output>
        </test-method> <!-- doAfterMethod -->
      </class> <!-- com.webtest.demo.BaseInformation -->
      <class name="com.webtest.demo.PaySet">
        <test-method status="PASS" signature="doBeforeClass()[pri:0, instance:com.webtest.demo.PaySet@68be2bc2]" name="doBeforeClass" is-config="true" duration-ms="15324" started-at="2020-11-23T11:48:08 CST" finished-at="2020-11-23T11:48:23 CST">
          <reporter-output>
          </reporter-output>
        </test-method> <!-- doBeforeClass -->
        <test-method status="FAIL" signature="demo1()[pri:0, instance:com.webtest.demo.PaySet@68be2bc2]" name="demo1" duration-ms="15793" started-at="2020-11-23T11:48:23 CST" finished-at="2020-11-23T11:48:39 CST">
          <exception class="java.lang.AssertionError">
            <message>
              <![CDATA[expected [true] but found [false]]]>
            </message>
            <full-stacktrace>
              <![CDATA[java.lang.AssertionError: expected [true] but found [false]
at org.testng.Assert.fail(Assert.java:97)
at org.testng.Assert.failNotEquals(Assert.java:969)
at org.testng.Assert.assertTrue(Assert.java:43)
at org.testng.Assert.assertTrue(Assert.java:53)
at com.webtest.demo.PaySet.demo1(Unknown Source)
at sun.reflect.NativeMethodAccessorImpl.invoke0(Native Method)
at sun.reflect.NativeMethodAccessorImpl.invoke(Unknown Source)
at sun.reflect.DelegatingMethodAccessorImpl.invoke(Unknown Source)
at java.lang.reflect.Method.invoke(Unknown Source)
at org.testng.internal.MethodInvocationHelper.invokeMethod(MethodInvocationHelper.java:134)
at org.testng.internal.TestInvoker.invokeMethod(TestInvoker.java:597)
at org.testng.internal.TestInvoker.invokeTestMethod(TestInvoker.java:173)
at org.testng.internal.MethodRunner.runInSequence(MethodRunner.java:46)
at org.testng.internal.TestInvoker$MethodInvocationAgent.invoke(TestInvoker.java:816)
at org.testng.internal.TestInvoker.invokeTestMethods(TestInvoker.java:146)
at org.testng.internal.TestMethodWorker.invokeTestMethods(TestMethodWorker.java:146)
at org.testng.internal.TestMethodWorker.run(TestMethodWorker.java:128)
at java.util.ArrayList.forEach(Unknown Source)
at org.testng.TestRunner.privateRun(TestRunner.java:766)
at org.testng.TestRunner.run(TestRunner.java:587)
at org.testng.SuiteRunner.runTest(SuiteRunner.java:384)
at org.testng.SuiteRunner.runSequentially(SuiteRunner.java:378)
at org.testng.SuiteRunner.privateRun(SuiteRunner.java:337)
at org.testng.SuiteRunner.run(SuiteRunner.java:286)
at org.testng.SuiteRunnerWorker.runSuite(SuiteRunnerWorker.java:53)
at org.testng.SuiteRunnerWorker.run(SuiteRunnerWorker.java:96)
at org.testng.TestNG.runSuitesSequentially(TestNG.java:1187)
at org.testng.TestNG.runSuitesLocally(TestNG.java:1109)
at org.testng.TestNG.runSuites(TestNG.java:1039)
at org.testng.TestNG.run(TestNG.java:1007)
at org.testng.TestNG.privateMain(TestNG.java:1336)
at org.testng.TestNG.main(TestNG.java:1304)
]]>
            </full-stacktrace>
          </exception> <!-- java.lang.AssertionError -->
          <reporter-output>
          </reporter-output>
        </test-method> <!-- demo1 -->
        <test-method status="PASS" signature="doAfterMethod()[pri:0, instance:com.webtest.demo.PaySet@68be2bc2]" name="doAfterMethod" is-config="true" duration-ms="1569" started-at="2020-11-23T11:48:39 CST" finished-at="2020-11-23T11:48:40 CST">
          <reporter-output>
          </reporter-output>
        </test-method> <!-- doAfterMethod -->
        <test-method status="PASS" signature="doBeforeClass()[pri:0, instance:com.webtest.demo.PaySet@68be2bc2]" name="doBeforeClass" is-config="true" duration-ms="15352" started-at="2020-11-23T11:48:40 CST" finished-at="2020-11-23T11:48:56 CST">
          <reporter-output>
          </reporter-output>
        </test-method> <!-- doBeforeClass -->
        <test-method status="PASS" signature="demo2()[pri:0, instance:com.webtest.demo.PaySet@68be2bc2]" name="demo2" duration-ms="49207" started-at="2020-11-23T11:48:56 CST" finished-at="2020-11-23T11:49:45 CST">
          <reporter-output>
          </reporter-output>
        </test-method> <!-- demo2 -->
        <test-method status="PASS" signature="doAfterMethod()[pri:0, instance:com.webtest.demo.PaySet@68be2bc2]" name="doAfterMethod" is-config="true" duration-ms="1399" started-at="2020-11-23T11:49:45 CST" finished-at="2020-11-23T11:49:46 CST">
          <reporter-output>
          </reporter-output>
        </test-method> <!-- doAfterMethod -->
        <test-method status="PASS" signature="doBeforeClass()[pri:0, instance:com.webtest.demo.PaySet@68be2bc2]" name="doBeforeClass" is-config="true" duration-ms="15432" started-at="2020-11-23T11:49:46 CST" finished-at="2020-11-23T11:50:02 CST">
          <reporter-output>
          </reporter-output>
        </test-method> <!-- doBeforeClass -->
        <test-method status="FAIL" signature="demo3()[pri:0, instance:com.webtest.demo.PaySet@68be2bc2]" name="demo3" duration-ms="44018" started-at="2020-11-23T11:50:02 CST" finished-at="2020-11-23T11:50:46 CST">
          <exception class="java.lang.AssertionError">
            <message>
              <![CDATA[expected [0.0] but found [1067.4]]]>
            </message>
            <full-stacktrace>
              <![CDATA[java.lang.AssertionError: expected [0.0] but found [1067.4]
at org.testng.Assert.fail(Assert.java:97)
at org.testng.Assert.failNotEquals(Assert.java:969)
at org.testng.Assert.assertEquals(Assert.java:610)
at org.testng.Assert.assertEquals(Assert.java:623)
at com.webtest.demo.PaySet.demo3(Unknown Source)
at sun.reflect.NativeMethodAccessorImpl.invoke0(Native Method)
at sun.reflect.NativeMethodAccessorImpl.invoke(Unknown Source)
at sun.reflect.DelegatingMethodAccessorImpl.invoke(Unknown Source)
at java.lang.reflect.Method.invoke(Unknown Source)
at org.testng.internal.MethodInvocationHelper.invokeMethod(MethodInvocationHelper.java:134)
at org.testng.internal.TestInvoker.invokeMethod(TestInvoker.java:597)
at org.testng.internal.TestInvoker.invokeTestMethod(TestInvoker.java:173)
at org.testng.internal.MethodRunner.runInSequence(MethodRunner.java:46)
at org.testng.internal.TestInvoker$MethodInvocationAgent.invoke(TestInvoker.java:816)
at org.testng.internal.TestInvoker.invokeTestMethods(TestInvoker.java:146)
at org.testng.internal.TestMethodWorker.invokeTestMethods(TestMethodWorker.java:146)
at org.testng.internal.TestMethodWorker.run(TestMethodWorker.java:128)
at java.util.ArrayList.forEach(Unknown Source)
at org.testng.TestRunner.privateRun(TestRunner.java:766)
at org.testng.TestRunner.run(TestRunner.java:587)
at org.testng.SuiteRunner.runTest(SuiteRunner.java:384)
at org.testng.SuiteRunner.runSequentially(SuiteRunner.java:378)
at org.testng.SuiteRunner.privateRun(SuiteRunner.java:337)
at org.testng.SuiteRunner.run(SuiteRunner.java:286)
at org.testng.SuiteRunnerWorker.runSuite(SuiteRunnerWorker.java:53)
at org.testng.SuiteRunnerWorker.run(SuiteRunnerWorker.java:96)
at org.testng.TestNG.runSuitesSequentially(TestNG.java:1187)
at org.testng.TestNG.runSuitesLocally(TestNG.java:1109)
at org.testng.TestNG.runSuites(TestNG.java:1039)
at org.testng.TestNG.run(TestNG.java:1007)
at org.testng.TestNG.privateMain(TestNG.java:1336)
at org.testng.TestNG.main(TestNG.java:1304)
]]>
            </full-stacktrace>
          </exception> <!-- java.lang.AssertionError -->
          <reporter-output>
          </reporter-output>
        </test-method> <!-- demo3 -->
        <test-method status="PASS" signature="doAfterMethod()[pri:0, instance:com.webtest.demo.PaySet@68be2bc2]" name="doAfterMethod" is-config="true" duration-ms="1807" started-at="2020-11-23T11:50:46 CST" finished-at="2020-11-23T11:50:48 CST">
          <reporter-output>
          </reporter-output>
        </test-method> <!-- doAfterMethod -->
        <test-method status="PASS" signature="doBeforeClass()[pri:0, instance:com.webtest.demo.PaySet@68be2bc2]" name="doBeforeClass" is-config="true" duration-ms="15382" started-at="2020-11-23T11:50:48 CST" finished-at="2020-11-23T11:51:03 CST">
          <reporter-output>
          </reporter-output>
        </test-method> <!-- doBeforeClass -->
        <test-method status="FAIL" signature="demo4()[pri:0, instance:com.webtest.demo.PaySet@68be2bc2]" name="demo4" duration-ms="21310" started-at="2020-11-23T11:51:03 CST" finished-at="2020-11-23T11:51:24 CST">
          <exception class="java.lang.AssertionError">
            <message>
              <![CDATA[expected [true] but found [false]]]>
            </message>
            <full-stacktrace>
              <![CDATA[java.lang.AssertionError: expected [true] but found [false]
at org.testng.Assert.fail(Assert.java:97)
at org.testng.Assert.failNotEquals(Assert.java:969)
at org.testng.Assert.assertTrue(Assert.java:43)
at org.testng.Assert.assertTrue(Assert.java:53)
at com.webtest.demo.PaySet.demo4(Unknown Source)
at sun.reflect.NativeMethodAccessorImpl.invoke0(Native Method)
at sun.reflect.NativeMethodAccessorImpl.invoke(Unknown Source)
at sun.reflect.DelegatingMethodAccessorImpl.invoke(Unknown Source)
at java.lang.reflect.Method.invoke(Unknown Source)
at org.testng.internal.MethodInvocationHelper.invokeMethod(MethodInvocationHelper.java:134)
at org.testng.internal.TestInvoker.invokeMethod(TestInvoker.java:597)
at org.testng.internal.TestInvoker.invokeTestMethod(TestInvoker.java:173)
at org.testng.internal.MethodRunner.runInSequence(MethodRunner.java:46)
at org.testng.internal.TestInvoker$MethodInvocationAgent.invoke(TestInvoker.java:816)
at org.testng.internal.TestInvoker.invokeTestMethods(TestInvoker.java:146)
at org.testng.internal.TestMethodWorker.invokeTestMethods(TestMethodWorker.java:146)
at org.testng.internal.TestMethodWorker.run(TestMethodWorker.java:128)
at java.util.ArrayList.forEach(Unknown Source)
at org.testng.TestRunner.privateRun(TestRunner.java:766)
at org.testng.TestRunner.run(TestRunner.java:587)
at org.testng.SuiteRunner.runTest(SuiteRunner.java:384)
at org.testng.SuiteRunner.runSequentially(SuiteRunner.java:378)
at org.testng.SuiteRunner.privateRun(SuiteRunner.java:337)
at org.testng.SuiteRunner.run(SuiteRunner.java:286)
at org.testng.SuiteRunnerWorker.runSuite(SuiteRunnerWorker.java:53)
at org.testng.SuiteRunnerWorker.run(SuiteRunnerWorker.java:96)
at org.testng.TestNG.runSuitesSequentially(TestNG.java:1187)
at org.testng.TestNG.runSuitesLocally(TestNG.java:1109)
at org.testng.TestNG.runSuites(TestNG.java:1039)
at org.testng.TestNG.run(TestNG.java:1007)
at org.testng.TestNG.privateMain(TestNG.java:1336)
at org.testng.TestNG.main(TestNG.java:1304)
]]>
            </full-stacktrace>
          </exception> <!-- java.lang.AssertionError -->
          <reporter-output>
          </reporter-output>
        </test-method> <!-- demo4 -->
        <test-method status="PASS" signature="doAfterMethod()[pri:0, instance:com.webtest.demo.PaySet@68be2bc2]" name="doAfterMethod" is-config="true" duration-ms="1673" started-at="2020-11-23T11:51:24 CST" finished-at="2020-11-23T11:51:26 CST">
          <reporter-output>
          </reporter-output>
        </test-method> <!-- doAfterMethod -->
        <test-method status="PASS" signature="doBeforeClass()[pri:0, instance:com.webtest.demo.PaySet@68be2bc2]" name="doBeforeClass" is-config="true" duration-ms="15274" started-at="2020-11-23T11:51:26 CST" finished-at="2020-11-23T11:51:41 CST">
          <reporter-output>
          </reporter-output>
        </test-method> <!-- doBeforeClass -->
        <test-method status="PASS" signature="demo5()[pri:0, instance:com.webtest.demo.PaySet@68be2bc2]" name="demo5" duration-ms="57728" started-at="2020-11-23T11:51:41 CST" finished-at="2020-11-23T11:52:39 CST">
          <reporter-output>
          </reporter-output>
        </test-method> <!-- demo5 -->
        <test-method status="PASS" signature="doAfterMethod()[pri:0, instance:com.webtest.demo.PaySet@68be2bc2]" name="doAfterMethod" is-config="true" duration-ms="1577" started-at="2020-11-23T11:52:39 CST" finished-at="2020-11-23T11:52:41 CST">
          <reporter-output>
          </reporter-output>
        </test-method> <!-- doAfterMethod -->
      </class> <!-- com.webtest.demo.PaySet -->
      <class name="com.webtest.demo.MoneySet">
        <test-method status="PASS" signature="doBeforeClass()[pri:0, instance:com.webtest.demo.MoneySet@20e2cbe0]" name="doBeforeClass" is-config="true" duration-ms="16249" started-at="2020-11-23T11:47:28 CST" finished-at="2020-11-23T11:47:44 CST">
          <reporter-output>
          </reporter-output>
        </test-method> <!-- doBeforeClass -->
        <test-method status="PASS" signature="demo2()[pri:0, instance:com.webtest.demo.MoneySet@20e2cbe0]" name="demo2" duration-ms="22085" started-at="2020-11-23T11:47:44 CST" finished-at="2020-11-23T11:48:06 CST">
          <reporter-output>
          </reporter-output>
        </test-method> <!-- demo2 -->
        <test-method status="PASS" signature="doAfterMethod()[pri:0, instance:com.webtest.demo.MoneySet@20e2cbe0]" name="doAfterMethod" is-config="true" duration-ms="1648" started-at="2020-11-23T11:48:06 CST" finished-at="2020-11-23T11:48:08 CST">
          <reporter-output>
          </reporter-output>
        </test-method> <!-- doAfterMethod -->
      </class> <!-- com.webtest.demo.MoneySet -->
      <class name="com.webtest.demo.AreaSet">
        <test-method status="PASS" signature="doBeforeClass()[pri:0, instance:com.webtest.demo.AreaSet@51565ec2]" name="doBeforeClass" is-config="true" duration-ms="15108" started-at="2020-11-23T11:58:15 CST" finished-at="2020-11-23T11:58:30 CST">
          <reporter-output>
          </reporter-output>
        </test-method> <!-- doBeforeClass -->
        <test-method status="PASS" signature="demo4()[pri:0, instance:com.webtest.demo.AreaSet@51565ec2]" name="demo4" duration-ms="21863" started-at="2020-11-23T11:58:30 CST" finished-at="2020-11-23T11:58:52 CST">
          <reporter-output>
          </reporter-output>
        </test-method> <!-- demo4 -->
        <test-method status="PASS" signature="doAfterMethod()[pri:0, instance:com.webtest.demo.AreaSet@51565ec2]" name="doAfterMethod" is-config="true" duration-ms="1655" started-at="2020-11-23T11:58:52 CST" finished-at="2020-11-23T11:58:54 CST">
          <reporter-output>
          </reporter-output>
        </test-method> <!-- doAfterMethod -->
        <test-method status="PASS" signature="doBeforeClass()[pri:0, instance:com.webtest.demo.AreaSet@51565ec2]" name="doBeforeClass" is-config="true" duration-ms="14758" started-at="2020-11-23T11:58:54 CST" finished-at="2020-11-23T11:59:09 CST">
          <reporter-output>
          </reporter-output>
        </test-method> <!-- doBeforeClass -->
        <test-method status="PASS" signature="demo6()[pri:0, instance:com.webtest.demo.AreaSet@51565ec2]" name="demo6" duration-ms="28045" started-at="2020-11-23T11:59:09 CST" finished-at="2020-11-23T11:59:37 CST">
          <reporter-output>
          </reporter-output>
        </test-method> <!-- demo6 -->
        <test-method status="PASS" signature="doAfterMethod()[pri:0, instance:com.webtest.demo.AreaSet@51565ec2]" name="doAfterMethod" is-config="true" duration-ms="1638" started-at="2020-11-23T11:59:37 CST" finished-at="2020-11-23T11:59:38 CST">
          <reporter-output>
          </reporter-output>
        </test-method> <!-- doAfterMethod -->
      </class> <!-- com.webtest.demo.AreaSet -->
      <class name="com.webtest.demo.DeliverySet">
        <test-method status="PASS" signature="doBeforeClass()[pri:0, instance:com.webtest.demo.DeliverySet@28feb3fa]" name="doBeforeClass" is-config="true" duration-ms="16137" started-at="2020-11-23T11:52:41 CST" finished-at="2020-11-23T11:52:57 CST">
          <reporter-output>
          </reporter-output>
        </test-method> <!-- doBeforeClass -->
        <test-method status="PASS" signature="demo1()[pri:0, instance:com.webtest.demo.DeliverySet@28feb3fa]" name="demo1" duration-ms="54282" started-at="2020-11-23T11:52:57 CST" finished-at="2020-11-23T11:53:51 CST">
          <reporter-output>
          </reporter-output>
        </test-method> <!-- demo1 -->
        <test-method status="PASS" signature="doAfterMethod()[pri:0, instance:com.webtest.demo.DeliverySet@28feb3fa]" name="doAfterMethod" is-config="true" duration-ms="1601" started-at="2020-11-23T11:53:51 CST" finished-at="2020-11-23T11:53:53 CST">
          <reporter-output>
          </reporter-output>
        </test-method> <!-- doAfterMethod -->
        <test-method status="PASS" signature="doBeforeClass()[pri:0, instance:com.webtest.demo.DeliverySet@28feb3fa]" name="doBeforeClass" is-config="true" duration-ms="14796" started-at="2020-11-23T11:53:53 CST" finished-at="2020-11-23T11:54:07 CST">
          <reporter-output>
          </reporter-output>
        </test-method> <!-- doBeforeClass -->
        <test-method status="PASS" signature="demo2()[pri:0, instance:com.webtest.demo.DeliverySet@28feb3fa]" name="demo2" duration-ms="18859" started-at="2020-11-23T11:54:07 CST" finished-at="2020-11-23T11:54:26 CST">
          <reporter-output>
          </reporter-output>
        </test-method> <!-- demo2 -->
        <test-method status="PASS" signature="doAfterMethod()[pri:0, instance:com.webtest.demo.DeliverySet@28feb3fa]" name="doAfterMethod" is-config="true" duration-ms="1580" started-at="2020-11-23T11:54:26 CST" finished-at="2020-11-23T11:54:28 CST">
          <reporter-output>
          </reporter-output>
        </test-method> <!-- doAfterMethod -->
        <test-method status="PASS" signature="doBeforeClass()[pri:0, instance:com.webtest.demo.DeliverySet@28feb3fa]" name="doBeforeClass" is-config="true" duration-ms="14810" started-at="2020-11-23T11:54:28 CST" finished-at="2020-11-23T11:54:43 CST">
          <reporter-output>
          </reporter-output>
        </test-method> <!-- doBeforeClass -->
        <test-method status="PASS" signature="demo3()[pri:0, instance:com.webtest.demo.DeliverySet@28feb3fa]" name="demo3" duration-ms="12418" started-at="2020-11-23T11:54:43 CST" finished-at="2020-11-23T11:54:55 CST">
          <reporter-output>
          </reporter-output>
        </test-method> <!-- demo3 -->
        <test-method status="PASS" signature="doAfterMethod()[pri:0, instance:com.webtest.demo.DeliverySet@28feb3fa]" name="doAfterMethod" is-config="true" duration-ms="1727" started-at="2020-11-23T11:54:55 CST" finished-at="2020-11-23T11:54:57 CST">
          <reporter-output>
          </reporter-output>
        </test-method> <!-- doAfterMethod -->
      </class> <!-- com.webtest.demo.DeliverySet -->
      <class name="com.webtest.demo.MessageSet">
        <test-method status="PASS" signature="doBeforeClass()[pri:0, instance:com.webtest.demo.MessageSet@675d3402]" name="doBeforeClass" is-config="true" duration-ms="14760" started-at="2020-11-23T11:54:57 CST" finished-at="2020-11-23T11:55:12 CST">
          <reporter-output>
          </reporter-output>
        </test-method> <!-- doBeforeClass -->
        <test-method status="PASS" signature="demo2()[pri:1, instance:com.webtest.demo.MessageSet@675d3402]" name="demo2" duration-ms="14148" started-at="2020-11-23T11:55:12 CST" finished-at="2020-11-23T11:55:26 CST">
          <reporter-output>
          </reporter-output>
        </test-method> <!-- demo2 -->
        <test-method status="PASS" signature="doAfterMethod()[pri:0, instance:com.webtest.demo.MessageSet@675d3402]" name="doAfterMethod" is-config="true" duration-ms="1559" started-at="2020-11-23T11:55:26 CST" finished-at="2020-11-23T11:55:27 CST">
          <reporter-output>
          </reporter-output>
        </test-method> <!-- doAfterMethod -->
        <test-method status="PASS" signature="doBeforeClass()[pri:0, instance:com.webtest.demo.MessageSet@675d3402]" name="doBeforeClass" is-config="true" duration-ms="14819" started-at="2020-11-23T11:55:27 CST" finished-at="2020-11-23T11:55:42 CST">
          <reporter-output>
          </reporter-output>
        </test-method> <!-- doBeforeClass -->
        <test-method status="PASS" signature="demo3()[pri:1, instance:com.webtest.demo.MessageSet@675d3402]" name="demo3" duration-ms="14107" started-at="2020-11-23T11:55:42 CST" finished-at="2020-11-23T11:55:56 CST">
          <reporter-output>
          </reporter-output>
        </test-method> <!-- demo3 -->
        <test-method status="PASS" signature="doAfterMethod()[pri:0, instance:com.webtest.demo.MessageSet@675d3402]" name="doAfterMethod" is-config="true" duration-ms="1582" started-at="2020-11-23T11:55:56 CST" finished-at="2020-11-23T11:55:58 CST">
          <reporter-output>
          </reporter-output>
        </test-method> <!-- doAfterMethod -->
        <test-method status="PASS" signature="doBeforeClass()[pri:0, instance:com.webtest.demo.MessageSet@675d3402]" name="doBeforeClass" is-config="true" duration-ms="14791" started-at="2020-11-23T11:55:58 CST" finished-at="2020-11-23T11:56:13 CST">
          <reporter-output>
          </reporter-output>
        </test-method> <!-- doBeforeClass -->
        <test-method status="PASS" signature="demo4()[pri:1, instance:com.webtest.demo.MessageSet@675d3402]" name="demo4" duration-ms="17443" started-at="2020-11-23T11:56:13 CST" finished-at="2020-11-23T11:56:30 CST">
          <reporter-output>
          </reporter-output>
        </test-method> <!-- demo4 -->
        <test-method status="PASS" signature="doAfterMethod()[pri:0, instance:com.webtest.demo.MessageSet@675d3402]" name="doAfterMethod" is-config="true" duration-ms="1559" started-at="2020-11-23T11:56:30 CST" finished-at="2020-11-23T11:56:32 CST">
          <reporter-output>
          </reporter-output>
        </test-method> <!-- doAfterMethod -->
        <test-method status="PASS" signature="doBeforeClass()[pri:0, instance:com.webtest.demo.MessageSet@675d3402]" name="doBeforeClass" is-config="true" duration-ms="15350" started-at="2020-11-23T11:56:32 CST" finished-at="2020-11-23T11:56:47 CST">
          <reporter-output>
          </reporter-output>
        </test-method> <!-- doBeforeClass -->
        <test-method status="PASS" signature="demo5()[pri:1, instance:com.webtest.demo.MessageSet@675d3402]" name="demo5" duration-ms="56386" started-at="2020-11-23T11:56:47 CST" finished-at="2020-11-23T11:57:43 CST">
          <reporter-output>
          </reporter-output>
        </test-method> <!-- demo5 -->
        <test-method status="PASS" signature="doAfterMethod()[pri:0, instance:com.webtest.demo.MessageSet@675d3402]" name="doAfterMethod" is-config="true" duration-ms="1482" started-at="2020-11-23T11:57:43 CST" finished-at="2020-11-23T11:57:45 CST">
          <reporter-output>
          </reporter-output>
        </test-method> <!-- doAfterMethod -->
        <test-method status="PASS" signature="doBeforeClass()[pri:0, instance:com.webtest.demo.MessageSet@675d3402]" name="doBeforeClass" is-config="true" duration-ms="14758" started-at="2020-11-23T11:57:45 CST" finished-at="2020-11-23T11:58:00 CST">
          <reporter-output>
          </reporter-output>
        </test-method> <!-- doBeforeClass -->
        <test-method status="FAIL" signature="demo1()[pri:2, instance:com.webtest.demo.MessageSet@675d3402]" name="demo1" duration-ms="14269" started-at="2020-11-23T11:58:00 CST" finished-at="2020-11-23T11:58:14 CST">
          <exception class="java.lang.AssertionError">
            <message>
              <![CDATA[expected [true] but found [false]]]>
            </message>
            <full-stacktrace>
              <![CDATA[java.lang.AssertionError: expected [true] but found [false]
at org.testng.Assert.fail(Assert.java:97)
at org.testng.Assert.failNotEquals(Assert.java:969)
at org.testng.Assert.assertTrue(Assert.java:43)
at org.testng.Assert.assertTrue(Assert.java:53)
at com.webtest.demo.MessageSet.demo1(Unknown Source)
at sun.reflect.NativeMethodAccessorImpl.invoke0(Native Method)
at sun.reflect.NativeMethodAccessorImpl.invoke(Unknown Source)
at sun.reflect.DelegatingMethodAccessorImpl.invoke(Unknown Source)
at java.lang.reflect.Method.invoke(Unknown Source)
at org.testng.internal.MethodInvocationHelper.invokeMethod(MethodInvocationHelper.java:134)
at org.testng.internal.TestInvoker.invokeMethod(TestInvoker.java:597)
at org.testng.internal.TestInvoker.invokeTestMethod(TestInvoker.java:173)
at org.testng.internal.MethodRunner.runInSequence(MethodRunner.java:46)
at org.testng.internal.TestInvoker$MethodInvocationAgent.invoke(TestInvoker.java:816)
at org.testng.internal.TestInvoker.invokeTestMethods(TestInvoker.java:146)
at org.testng.internal.TestMethodWorker.invokeTestMethods(TestMethodWorker.java:146)
at org.testng.internal.TestMethodWorker.run(TestMethodWorker.java:128)
at java.util.ArrayList.forEach(Unknown Source)
at org.testng.TestRunner.privateRun(TestRunner.java:766)
at org.testng.TestRunner.run(TestRunner.java:587)
at org.testng.SuiteRunner.runTest(SuiteRunner.java:384)
at org.testng.SuiteRunner.runSequentially(SuiteRunner.java:378)
at org.testng.SuiteRunner.privateRun(SuiteRunner.java:337)
at org.testng.SuiteRunner.run(SuiteRunner.java:286)
at org.testng.SuiteRunnerWorker.runSuite(SuiteRunnerWorker.java:53)
at org.testng.SuiteRunnerWorker.run(SuiteRunnerWorker.java:96)
at org.testng.TestNG.runSuitesSequentially(TestNG.java:1187)
at org.testng.TestNG.runSuitesLocally(TestNG.java:1109)
at org.testng.TestNG.runSuites(TestNG.java:1039)
at org.testng.TestNG.run(TestNG.java:1007)
at org.testng.TestNG.privateMain(TestNG.java:1336)
at org.testng.TestNG.main(TestNG.java:1304)
]]>
            </full-stacktrace>
          </exception> <!-- java.lang.AssertionError -->
          <reporter-output>
          </reporter-output>
        </test-method> <!-- demo1 -->
        <test-method status="PASS" signature="doAfterMethod()[pri:0, instance:com.webtest.demo.MessageSet@675d3402]" name="doAfterMethod" is-config="true" duration-ms="1516" started-at="2020-11-23T11:58:14 CST" finished-at="2020-11-23T11:58:15 CST">
          <reporter-output>
          </reporter-output>
        </test-method> <!-- doAfterMethod -->
      </class> <!-- com.webtest.demo.MessageSet -->
      <class name="com.webtest.demo.UserSet">
        <test-method status="PASS" signature="doBeforeClass()[pri:0, instance:com.webtest.demo.UserSet@2a5ca609]" name="doBeforeClass" is-config="true" duration-ms="15363" started-at="2020-11-23T11:46:39 CST" finished-at="2020-11-23T11:46:55 CST">
          <reporter-output>
          </reporter-output>
        </test-method> <!-- doBeforeClass -->
        <test-method status="FAIL" signature="demo1()[pri:0, instance:com.webtest.demo.UserSet@2a5ca609]" name="demo1" duration-ms="31637" started-at="2020-11-23T11:46:55 CST" finished-at="2020-11-23T11:47:26 CST">
          <exception class="java.lang.ArrayIndexOutOfBoundsException">
            <message>
              <![CDATA[2]]>
            </message>
            <full-stacktrace>
              <![CDATA[java.lang.ArrayIndexOutOfBoundsException: 2
at com.webtest.core.BaseTest.getExcel(Unknown Source)
at com.webtest.demo.UserSet.demo1(Unknown Source)
at sun.reflect.NativeMethodAccessorImpl.invoke0(Native Method)
at sun.reflect.NativeMethodAccessorImpl.invoke(Unknown Source)
at sun.reflect.DelegatingMethodAccessorImpl.invoke(Unknown Source)
at java.lang.reflect.Method.invoke(Unknown Source)
at org.testng.internal.MethodInvocationHelper.invokeMethod(MethodInvocationHelper.java:134)
at org.testng.internal.TestInvoker.invokeMethod(TestInvoker.java:597)
at org.testng.internal.TestInvoker.invokeTestMethod(TestInvoker.java:173)
at org.testng.internal.MethodRunner.runInSequence(MethodRunner.java:46)
at org.testng.internal.TestInvoker$MethodInvocationAgent.invoke(TestInvoker.java:816)
at org.testng.internal.TestInvoker.invokeTestMethods(TestInvoker.java:146)
at org.testng.internal.TestMethodWorker.invokeTestMethods(TestMethodWorker.java:146)
at org.testng.internal.TestMethodWorker.run(TestMethodWorker.java:128)
at java.util.ArrayList.forEach(Unknown Source)
at org.testng.TestRunner.privateRun(TestRunner.java:766)
at org.testng.TestRunner.run(TestRunner.java:587)
at org.testng.SuiteRunner.runTest(SuiteRunner.java:384)
at org.testng.SuiteRunner.runSequentially(SuiteRunner.java:378)
at org.testng.SuiteRunner.privateRun(SuiteRunner.java:337)
at org.testng.SuiteRunner.run(SuiteRunner.java:286)
at org.testng.SuiteRunnerWorker.runSuite(SuiteRunnerWorker.java:53)
at org.testng.SuiteRunnerWorker.run(SuiteRunnerWorker.java:96)
at org.testng.TestNG.runSuitesSequentially(TestNG.java:1187)
at org.testng.TestNG.runSuitesLocally(TestNG.java:1109)
at org.testng.TestNG.runSuites(TestNG.java:1039)
at org.testng.TestNG.run(TestNG.java:1007)
at org.testng.TestNG.privateMain(TestNG.java:1336)
at org.testng.TestNG.main(TestNG.java:1304)
]]>
            </full-stacktrace>
          </exception> <!-- java.lang.ArrayIndexOutOfBoundsException -->
          <reporter-output>
          </reporter-output>
        </test-method> <!-- demo1 -->
        <test-method status="PASS" signature="doAfterMethod()[pri:0, instance:com.webtest.demo.UserSet@2a5ca609]" name="doAfterMethod" is-config="true" duration-ms="1648" started-at="2020-11-23T11:47:26 CST" finished-at="2020-11-23T11:47:28 CST">
          <reporter-output>
          </reporter-output>
        </test-method> <!-- doAfterMethod -->
      </class> <!-- com.webtest.demo.UserSet -->
    </test> <!-- test1 -->
  </suite> <!-- s1 -->
</testng-results>
