<?xml version="1.0" encoding="UTF-8"?>
<!-- Generated by org.testng.reporters.JUnitXMLReporter -->
<testsuite hostname="LAPTOP-0H2UAF0N" ignored="0" name="test3" tests="11" failures="1" timestamp="2020-11-23T08:21:29 CST" time="215.388" errors="0">
  <testcase name="test13" time="14.956" classname="com.webtest.demo.Admin_Add"/>
  <testcase name="test14" time="14.771" classname="com.webtest.demo.Admin_Add"/>
  <testcase name="test15" time="14.948" classname="com.webtest.demo.Admin_Add"/>
  <testcase name="test16" time="14.535" classname="com.webtest.demo.Admin_Add"/>
  <testcase name="test17" time="14.452" classname="com.webtest.demo.Admin_Add"/>
  <testcase name="test18" time="13.803" classname="com.webtest.demo.Admin_Add"/>
  <testcase name="test22" time="10.08" classname="com.webtest.demo.Admin_Add">
    <failure type="org.openqa.selenium.NoSuchElementException" message="Cannot locate option with index: 1
For documentation on this error, please visit: https://www.seleniumhq.org/exceptions/no_such_element.html
Build info: version: &amp;apos;3.141.59&amp;apos;, revision: &amp;apos;e82be7d358&amp;apos;, time: &amp;apos;2018-11-14T08:25:53&amp;apos;
System info: host: &amp;apos;LAPTOP-0H2UAF0N&amp;apos;, ip: &amp;apos;10.7.86.184&amp;apos;, os.name: &amp;apos;Windows 10&amp;apos;, os.arch: &amp;apos;amd64&amp;apos;, os.version: &amp;apos;10.0&amp;apos;, java.version: &amp;apos;1.8.0_231&amp;apos;
Driver info: driver.version: unknown">
      <![CDATA[org.openqa.selenium.NoSuchElementException: Cannot locate option with index: 1
For documentation on this error, please visit: https://www.seleniumhq.org/exceptions/no_such_element.html
Build info: version: '3.141.59', revision: 'e82be7d358', time: '2018-11-14T08:25:53'
System info: host: 'LAPTOP-0H2UAF0N', ip: '10.7.86.184', os.name: 'Windows 10', os.arch: 'amd64', os.version: '10.0', java.version: '1.8.0_231'
Driver info: driver.version: unknown
at org.openqa.selenium.support.ui.Select.setSelectedByIndex(Select.java:297)
at org.openqa.selenium.support.ui.Select.selectByIndex(Select.java:172)
at com.webtest.core.WebDriverEngine.selectByIndex(WebDriverEngine.java:250)
at com.webtest.demo.Admin_Add.test22(Admin_Add.java:185)
at java.util.ArrayList.forEach(Unknown Source)
... Removed 27 stack frames]]>
    </failure>
  </testcase> <!-- test22 -->
  <testcase name="test23" time="30.47" classname="com.webtest.demo.Admin_Add"/>
  <testcase name="test23" time="29.897" classname="com.webtest.demo.Admin_Add"/>
  <testcase name="test23" time="29.806" classname="com.webtest.demo.Admin_Add"/>
  <testcase name="test19" time="13.696" classname="com.webtest.demo.Admin_Add"/>
</testsuite> <!-- test3 -->
