<?xml version="1.0" encoding="UTF-8"?>
<!-- Generated by org.testng.reporters.JUnitXMLReporter -->
<testsuite hostname="LAPTOP-0H2UAF0N" ignored="0" name="test1" tests="6" failures="4" timestamp="2020-11-23T08:16:46 CST" time="75.821" errors="0">
  <testcase name="testLogin" time="13.748" classname="com.webtest.demo.Test_Login"/>
  <testcase name="testLogin" time="8.924" classname="com.webtest.demo.Test_Login">
    <failure type="java.lang.AssertionError" message="expected [true] but found [false]">
      <![CDATA[java.lang.AssertionError: expected [true] but found [false]
at com.webtest.demo.Test_Login.testLogin(Test_Login.java:47)
at java.util.ArrayList.forEach(Unknown Source)
... Removed 31 stack frames]]>
    </failure>
  </testcase> <!-- testLogin -->
  <testcase name="testLogin" time="9.671" classname="com.webtest.demo.Test_Login">
    <failure type="java.lang.AssertionError" message="expected [true] but found [false]">
      <![CDATA[java.lang.AssertionError: expected [true] but found [false]
at com.webtest.demo.Test_Login.testLogin(Test_Login.java:47)
at java.util.ArrayList.forEach(Unknown Source)
... Removed 31 stack frames]]>
    </failure>
  </testcase> <!-- testLogin -->
  <testcase name="testFindPwd" time="12.557" classname="com.webtest.demo.Test_Login"/>
  <testcase name="testFindPwd" time="12.517" classname="com.webtest.demo.Test_Login">
    <failure type="java.lang.AssertionError" message="expected [true] but found [false]">
      <![CDATA[java.lang.AssertionError: expected [true] but found [false]
at com.webtest.demo.Test_Login.testFindPwd(Test_Login.java:71)
at java.util.ArrayList.forEach(Unknown Source)
... Removed 31 stack frames]]>
    </failure>
  </testcase> <!-- testFindPwd -->
  <testcase name="testFindPwd" time="12.565" classname="com.webtest.demo.Test_Login">
    <failure type="java.lang.AssertionError" message="expected [true] but found [false]">
      <![CDATA[java.lang.AssertionError: expected [true] but found [false]
at com.webtest.demo.Test_Login.testFindPwd(Test_Login.java:71)
at java.util.ArrayList.forEach(Unknown Source)
... Removed 31 stack frames]]>
    </failure>
  </testcase> <!-- testFindPwd -->
</testsuite> <!-- test1 -->
